INFO:root:Query: HAO | MLSO | K-Cor between 2017-09-02T04:56:33.065543 and 2017-09-03T04:56:33.065543
WARNING:sunpy:SunpyDeprecationWarning: The default response format from the VSO client will be changing to 'table' in version 3.1. To remove this warning set response_format='legacy' to maintain the old behaviour or response_format='table' to use the new behaviour.
WARNING:sunpy:SunpyUserWarning: VSO-C500 :soap:Server.Transport : 503 Service Unavailable
INFO:root:Random query failed. No known query for: HAO | MLSO | K-Cor
INFO:root:Query: HAO | MLSO | chp between 2001-03-14T17:14:16.976439 and 2001-03-15T17:14:16.976439
INFO:root:Random query failed. No known query for: HAO | MLSO | chp
INFO:root:Query: HAO | MLSO | dpm between 1995-04-10T08:44:43.015426 and 1995-04-11T08:44:43.015426
INFO:root:Random query failed. No known query for: HAO | MLSO | dpm
INFO:root:Query: HAO | MLSO | mk4 between 2002-02-11T11:27:42.743474 and 2002-02-12T11:27:42.743474
INFO:root:Random query failed. No known query for: HAO | MLSO | mk4
INFO:root:Query: HAO | SMM | cp between 1980-11-08T00:21:46.900952 and 1980-11-09T00:21:46.900952
INFO:root:Random query failed. No known query for: HAO | SMM | cp
INFO:root:Query: INAF-OACT | OACT | BE-Continuum between 2012-09-02T12:33:46.698924 and 2012-09-03T12:33:46.698924
WARNING:sunpy:SunpyDeprecationWarning: The default response format from the VSO client will be changing to 'table' in version 3.1. To remove this warning set response_format='legacy' to maintain the old behaviour or response_format='table' to use the new behaviour.
INFO:root:Random query failed. Trying known query: INAF-OACT | OACT | BE-Continuum between 2020-07-06T18:08:42.201007 and 2020-07-09T18:08:42.201007
INFO:root:Query: INAF-OACT | OACT | BE-Halpha between 2020-12-30T15:19:22.491429 and 2020-12-31T15:19:22.491429
INFO:root:Random query failed. Trying known query: INAF-OACT | OACT | BE-Halpha between 2021-04-19T15:11:35.576707 and 2021-04-22T15:11:35.576707
INFO:root:Query: INAF-OACT | OACT | Cooke-Refractor between 2015-11-28T10:06:03.392360 and 2015-11-29T10:06:03.392360
INFO:root:Random query failed. No known query for: INAF-OACT | OACT | Cooke-Refractor
INFO:root:Query: JSOC | SDO | AIA between 2013-10-17T06:52:32.220089 and 2013-10-18T06:52:32.220089
INFO:parfive:https://sdo7.nascom.nasa.gov/cgi-bin/drms_export.cgi?series=aia__lev1;compress=rice;record=131_1161067989-1161068397 failed to download with exception
Timeout on reading data from socket
INFO:root:Query: JSOC | SDO | HMI between 2012-12-25T14:42:50.511710 and 2012-12-26T14:42:50.511710
WARNING:sunpy:SunpyDeprecationWarning: The default response format from the VSO client will be changing to 'table' in version 3.1. To remove this warning set response_format='legacy' to maintain the old behaviour or response_format='table' to use the new behaviour.
INFO:parfive:https://sdo7.nascom.nasa.gov/cgi-bin/drms_export.cgi?series=hmi__Ic_45s;compress=rice;record=14013339-14013359 failed to download with exception
Timeout on reading data from socket
INFO:root:Query: KIS | ChroTel | ChroTel between 2015-10-11T09:53:53.510488 and 2015-10-12T09:53:53.510488
WARNING:sunpy:SunpyDeprecationWarning: The default response format from the VSO client will be changing to 'table' in version 3.1. To remove this warning set response_format='legacy' to maintain the old behaviour or response_format='table' to use the new behaviour.
INFO:root:Random query failed. No known query for: KIS | ChroTel | ChroTel
INFO:root:Query: KSO | KSO | CAII between 2020-10-28T12:00:02.743572 and 2020-10-29T12:00:02.743572
WARNING:sunpy:SunpyUserWarning: VSO-D505 Version not supported
INFO:root:Random query failed. No known query for: KSO | KSO | CAII
INFO:root:Query: KSO | KSO | FILM between 1987-04-17T14:17:13.252319 and 1987-04-18T14:17:13.252319
INFO:root:Random query failed. No known query for: KSO | KSO | FILM
INFO:root:Query: KSO | KSO | HA2 between 2020-05-25T18:45:38.312773 and 2020-05-26T18:45:38.312773
INFO:root:Random query failed. No known query for: KSO | KSO | HA2
INFO:root:Query: KSO | KSO | KPDC between 2010-12-23T01:14:20.416277 and 2010-12-24T01:14:20.416277
INFO:root:Random query failed. No known query for: KSO | KSO | KPDC
INFO:root:Query: KSO | KSO | PHOKA between 2003-06-19T03:55:43.274987 and 2003-06-20T03:55:43.274987
INFO:root:Random query failed. No known query for: KSO | KSO | PHOKA
INFO:root:Query: KSO | KSO | TM-1001 between 2001-07-11T09:02:08.772215 and 2001-07-12T09:02:08.772215
INFO:root:Random query failed. No known query for: KSO | KSO | TM-1001
INFO:root:Query: KSO | KSO | TM-1010 between 2008-03-12T05:45:34.022895 and 2008-03-13T05:45:34.022895
INFO:root:Random query failed. No known query for: KSO | KSO | TM-1010
INFO:root:Query: LASP | MINXSS1 | X123 between 2016-09-21T00:25:57.261776 and 2016-09-22T00:25:57.261776
INFO:root:Query: LASP | SDO | EVE between 2018-10-23T22:40:10.566321 and 2018-10-24T22:40:10.566321
WARNING:sunpy:SunpyDeprecationWarning: The default response format from the VSO client will be changing to 'table' in version 3.1. To remove this warning set response_format='legacy' to maintain the old behaviour or response_format='table' to use the new behaviour.
INFO:parfive:http://lasp.colorado.edu/eve/data_access/evewebdataproducts/level1/esp/2018/esp_L1_2018296_006.fit failed to download with exception
Download Failed: http://lasp.colorado.edu/eve/data_access/evewebdataproducts/level1/esp/2018/esp_L1_2018296_006.fit with error <ClientResponse(https://lasp.colorado.edu/eve/data_access/evewebdataproducts/level1/esp/2018/esp_L1_2018296_006.fit) [404 Not Found]>
<CIMultiDictProxy('Content-Type': 'text/html; charset=iso-8859-1', 'Content-Length': '196', 'Connection': 'keep-alive', 'Date': 'Wed, 03 Nov 2021 17:11:08 GMT', 'Server': 'Apache/2.4.41 (Unix) OpenSSL/1.0.2k-fips PHP/7.4.0', 'Set-Cookie': 'HttpOnly')>

INFO:root:Query: LMSAL | IRIS | IRIS between 2015-12-11T15:52:06.332722 and 2015-12-12T15:52:06.332722
WARNING:sunpy:SunpyDeprecationWarning: The default response format from the VSO client will be changing to 'table' in version 3.1. To remove this warning set response_format='legacy' to maintain the old behaviour or response_format='table' to use the new behaviour.
INFO:root:Query: LSSP | RHESSI | RHESSI between 2010-01-16T04:54:35.809733 and 2010-01-17T04:54:35.809733
WARNING:sunpy:SunpyDeprecationWarning: The default response format from the VSO client will be changing to 'table' in version 3.1. To remove this warning set response_format='legacy' to maintain the old behaviour or response_format='table' to use the new behaviour.
INFO:root:Query: MSFC | CLASP2 | SJ between 2019-04-11T00:00:00 and 2019-04-12T00:00:00
WARNING:sunpy:SunpyDeprecationWarning: The default response format from the VSO client will be changing to 'table' in version 3.1. To remove this warning set response_format='legacy' to maintain the old behaviour or response_format='table' to use the new behaviour.
INFO:root:Query: MSFC | CLASP2 | SP1 between 2019-04-11T00:00:00 and 2019-04-12T00:00:00
WARNING:sunpy:SunpyDeprecationWarning: The default response format from the VSO client will be changing to 'table' in version 3.1. To remove this warning set response_format='legacy' to maintain the old behaviour or response_format='table' to use the new behaviour.
INFO:root:Query: MSFC | CLASP2 | SP2 between 2019-04-11T00:00:00 and 2019-04-12T00:00:00
WARNING:sunpy:SunpyDeprecationWarning: The default response format from the VSO client will be changing to 'table' in version 3.1. To remove this warning set response_format='legacy' to maintain the old behaviour or response_format='table' to use the new behaviour.
INFO:root:Query: MSFC | HI-C | HI-C between 2012-07-11T00:00:00 and 2012-07-12T00:00:00
WARNING:sunpy:SunpyDeprecationWarning: The default response format from the VSO client will be changing to 'table' in version 3.1. To remove this warning set response_format='legacy' to maintain the old behaviour or response_format='table' to use the new behaviour.
INFO:root:Query: MSFC | HI-C21 | HI-C21 between 2018-05-29T00:00:00 and 2018-05-30T00:00:00
WARNING:sunpy:SunpyDeprecationWarning: The default response format from the VSO client will be changing to 'table' in version 3.1. To remove this warning set response_format='legacy' to maintain the old behaviour or response_format='table' to use the new behaviour.
INFO:root:Query: MSU | YOHKOH | BCS between 2001-02-12T09:42:55.078890 and 2001-02-13T09:42:55.078890
WARNING:sunpy:SunpyDeprecationWarning: The default response format from the VSO client will be changing to 'table' in version 3.1. To remove this warning set response_format='legacy' to maintain the old behaviour or response_format='table' to use the new behaviour.
WARNING:sunpy:SunpyUserWarning: VSO-C500 :soap:Server.Transport : 500 Internal Server Error
INFO:root:Random query failed. No known query for: MSU | YOHKOH | BCS
INFO:root:Query: MSU | YOHKOH | HXT between 1996-09-21T12:42:39.277620 and 1996-09-22T12:42:39.277620
INFO:root:Random query failed. No known query for: MSU | YOHKOH | HXT
INFO:root:Query: MSU | YOHKOH | SXT between 2001-11-11T04:31:09.930072 and 2001-11-12T04:31:09.930072
INFO:root:Random query failed. No known query for: MSU | YOHKOH | SXT
INFO:root:Query: MSU | YOHKOH | WBS between 1995-08-06T08:39:15.383038 and 1995-08-07T08:39:15.383038
INFO:root:Random query failed. No known query for: MSU | YOHKOH | WBS
INFO:root:Query: MWSPADP | MtWilson | 60-ft SHG between 1929-07-04T03:08:35.325952 and 1929-07-05T03:08:35.325952
INFO:root:Query: NGDC | GOES-12 | SXI-0 between 2011-08-18T20:49:22.646651 and 2011-08-19T20:49:22.646651
WARNING:sunpy:SunpyDeprecationWarning: The default response format from the VSO client will be changing to 'table' in version 3.1. To remove this warning set response_format='legacy' to maintain the old behaviour or response_format='table' to use the new behaviour.
WARNING:sunpy:SunpyUserWarning: VSO-D503 Unavailable - Not able to access NGDC at this time.  We are working on a solution
INFO:root:Random query failed. No known query for: NGDC | GOES-12 | SXI-0
INFO:root:Query: NOAA | GOES16 | SUVI between 2017-12-26T19:59:55.187371 and 2017-12-27T19:59:55.187371
WARNING:sunpy:SunpyDeprecationWarning: The default response format from the VSO client will be changing to 'table' in version 3.1. To remove this warning set response_format='legacy' to maintain the old behaviour or response_format='table' to use the new behaviour.
INFO:root:Random query failed. Trying known query: NOAA | GOES16 | SUVI between 2021-07-30T12:26:31.103199 and 2021-08-02T12:26:31.103199
INFO:root:Query: NOAA | GOES17 | SUVI between 2020-03-29T22:31:40.576457 and 2020-03-30T22:31:40.576457
INFO:root:Query: NRL | PSP | WISPR between 2019-08-25T14:29:12.074624 and 2019-08-26T14:29:12.074624
WARNING:sunpy:SunpyDeprecationWarning: The default response format from the VSO client will be changing to 'table' in version 3.1. To remove this warning set response_format='legacy' to maintain the old behaviour or response_format='table' to use the new behaviour.
INFO:root:Query: NSO | Evans | spectroheliograph between 1997-07-12T16:46:20.695409 and 1997-07-13T16:46:20.695409
WARNING:sunpy:SunpyDeprecationWarning: The default response format from the VSO client will be changing to 'table' in version 3.1. To remove this warning set response_format='legacy' to maintain the old behaviour or response_format='table' to use the new behaviour.
WARNING:sunpy:SunpyDeprecationWarning: The default response format from the VSO client will be changing to 'table' in version 3.1. To remove this warning set response_format='legacy' to maintain the old behaviour or response_format='table' to use the new behaviour.
INFO:root:Random query failed. Trying known query: NSO | Evans | spectroheliograph between 1996-02-26T00:23:31.454907 and 1996-02-29T00:23:31.454907
INFO:root:Query: NSO | GONG | Big Bear between 2014-02-22T21:18:31.986437 and 2014-02-23T21:18:31.986437
INFO:root:Query: NSO | GONG | Cerro Tololo between 2008-05-23T07:26:24.697711 and 2008-05-24T07:26:24.697711
WARNING:sunpy:SunpyDeprecationWarning: The default response format from the VSO client will be changing to 'table' in version 3.1. To remove this warning set response_format='legacy' to maintain the old behaviour or response_format='table' to use the new behaviour.
INFO:root:Query: NSO | GONG | El Teide between 2014-08-20T14:56:53.290431 and 2014-08-21T14:56:53.290431
WARNING:sunpy:SunpyDeprecationWarning: The default response format from the VSO client will be changing to 'table' in version 3.1. To remove this warning set response_format='legacy' to maintain the old behaviour or response_format='table' to use the new behaviour.
INFO:root:Query: NSO | GONG | Learmonth between 2020-03-22T10:02:42.512069 and 2020-03-23T10:02:42.512069
WARNING:sunpy:SunpyDeprecationWarning: The default response format from the VSO client will be changing to 'table' in version 3.1. To remove this warning set response_format='legacy' to maintain the old behaviour or response_format='table' to use the new behaviour.
INFO:root:Query: NSO | GONG | MERGED GONG between 2018-09-24T19:27:17.182958 and 2018-09-25T19:27:17.182958
WARNING:sunpy:SunpyDeprecationWarning: The default response format from the VSO client will be changing to 'table' in version 3.1. To remove this warning set response_format='legacy' to maintain the old behaviour or response_format='table' to use the new behaviour.
INFO:root:Query: NSO | GONG | Mauna Loa between 2018-10-02T03:28:35.869890 and 2018-10-03T03:28:35.869890
WARNING:sunpy:SunpyDeprecationWarning: The default response format from the VSO client will be changing to 'table' in version 3.1. To remove this warning set response_format='legacy' to maintain the old behaviour or response_format='table' to use the new behaviour.
INFO:root:Query: NSO | GONG | Udaipur between 2011-10-01T02:41:03.668013 and 2011-10-02T02:41:03.668013
WARNING:sunpy:SunpyDeprecationWarning: The default response format from the VSO client will be changing to 'table' in version 3.1. To remove this warning set response_format='legacy' to maintain the old behaviour or response_format='table' to use the new behaviour.
WARNING:sunpy:SunpyDeprecationWarning: The default response format from the VSO client will be changing to 'table' in version 3.1. To remove this warning set response_format='legacy' to maintain the old behaviour or response_format='table' to use the new behaviour.
INFO:root:Random query failed. Trying known query: NSO | GONG | Udaipur between 2008-11-29T12:14:49.191429 and 2008-12-02T12:14:49.191429
INFO:root:Query: NSO | HXECLIPSE | HXECLIPSE between 1924-09-21T04:16:16.476000 and 1924-09-22T04:16:16.476000
INFO:root:Random query failed. No known query for: NSO | HXECLIPSE | HXECLIPSE
INFO:root:Query: NSO | ISOON | ISOON between 2007-05-22T10:10:12.225911 and 2007-05-23T10:10:12.225911
INFO:root:Query: NSO | IVM | IVM between 2000-03-04T00:11:00.091687 and 2000-03-05T00:11:00.091687
WARNING:sunpy:SunpyDeprecationWarning: The default response format from the VSO client will be changing to 'table' in version 3.1. To remove this warning set response_format='legacy' to maintain the old behaviour or response_format='table' to use the new behaviour.
WARNING:sunpy:SunpyDeprecationWarning: The default response format from the VSO client will be changing to 'table' in version 3.1. To remove this warning set response_format='legacy' to maintain the old behaviour or response_format='table' to use the new behaviour.
INFO:root:Random query failed. Trying known query: NSO | IVM | IVM between 2001-05-05T18:53:13.517481 and 2001-05-08T18:53:13.517481
INFO:root:Query: NSO | KPVT | 512-channel magnetograph between 1977-11-30T20:13:21.670423 and 1977-12-01T20:13:21.670423
INFO:root:Query: NSO | KPVT | spectromagnetograph between 2001-12-21T04:54:51.072857 and 2001-12-22T04:54:51.072857
WARNING:sunpy:SunpyDeprecationWarning: The default response format from the VSO client will be changing to 'table' in version 3.1. To remove this warning set response_format='legacy' to maintain the old behaviour or response_format='table' to use the new behaviour.
INFO:root:Query: NSO | McMath | solar fts spectrometer between 1982-10-30T02:59:29.337989 and 1982-10-31T02:59:29.337989
WARNING:sunpy:SunpyDeprecationWarning: The default response format from the VSO client will be changing to 'table' in version 3.1. To remove this warning set response_format='legacy' to maintain the old behaviour or response_format='table' to use the new behaviour.
INFO:root:Query: NSO | PTMC | PTMC between 1997-05-23T21:59:55.664413 and 1997-05-24T21:59:55.664413
WARNING:sunpy:SunpyDeprecationWarning: The default response format from the VSO client will be changing to 'table' in version 3.1. To remove this warning set response_format='legacy' to maintain the old behaviour or response_format='table' to use the new behaviour.
INFO:root:Random query failed. Trying known query: NSO | PTMC | PTMC between 1997-11-26T06:01:49.439688 and 1997-11-29T06:01:49.439688
INFO:root:Query: NSO | SDO | HMI between 2019-10-27T05:37:56.986271 and 2019-10-28T05:37:56.986271
INFO:root:Random query failed. Trying known query: NSO | SDO | HMI between 2014-02-26T01:06:41.956454 and 2014-03-01T01:06:41.956454
INFO:root:Query: NSO | SOLIS | ISS between 2013-04-26T14:39:02.221934 and 2013-04-27T14:39:02.221934
INFO:root:Query: NSO | SOLIS | vsm between 2013-12-25T06:35:31.602261 and 2013-12-26T06:35:31.602261
WARNING:sunpy:SunpyDeprecationWarning: The default response format from the VSO client will be changing to 'table' in version 3.1. To remove this warning set response_format='legacy' to maintain the old behaviour or response_format='table' to use the new behaviour.
WARNING:sunpy:SunpyDeprecationWarning: The default response format from the VSO client will be changing to 'table' in version 3.1. To remove this warning set response_format='legacy' to maintain the old behaviour or response_format='table' to use the new behaviour.
INFO:root:Random query failed. Trying known query: NSO | SOLIS | vsm between 2009-04-06T09:39:57.763575 and 2009-04-09T09:39:57.763575
INFO:root:Query: NWRA | MCCD | MEES between 1996-12-31T12:09:58.483033 and 1997-01-01T12:09:58.483033
INFO:root:Random query failed. Trying known query: NWRA | MCCD | MEES between 2003-02-26T07:48:00.344230 and 2003-03-01T07:48:00.344230
INFO:root:Query: OBSPM | OBSPM | Meudon Spectroheliograph between 2020-09-20T12:51:24.121474 and 2020-09-21T12:51:24.121474
INFO:root:Query: OMP | OMP | CLIMSO between 2016-02-02T22:28:38.103893 and 2016-02-03T22:28:38.103893
WARNING:sunpy:SunpyDeprecationWarning: The default response format from the VSO client will be changing to 'table' in version 3.1. To remove this warning set response_format='legacy' to maintain the old behaviour or response_format='table' to use the new behaviour.
WARNING:sunpy:SunpyDeprecationWarning: The default response format from the VSO client will be changing to 'table' in version 3.1. To remove this warning set response_format='legacy' to maintain the old behaviour or response_format='table' to use the new behaviour.
INFO:root:Random query failed. Trying known query: OMP | OMP | CLIMSO between 2015-05-31T08:43:03.176104 and 2015-06-03T08:43:03.176104
INFO:root:Query: OVRO | OVRO | OVSA between 2010-05-15T00:25:49.161139 and 2010-05-16T00:25:49.161139
WARNING:sunpy:SunpyUserWarning: VSO-C500 :soap:Server.Transport : 404 Not Found
INFO:root:Random query failed. No known query for: OVRO | OVRO | OVSA
INFO:root:Query: ROB | PROBA2 | SWAP between 2015-12-03T07:54:57.819386 and 2015-12-04T07:54:57.819386
INFO:root:Query: SAO | Hinode | XRT between 2016-07-07T19:10:08.220773 and 2016-07-08T19:10:08.220773
WARNING:sunpy:SunpyDeprecationWarning: The default response format from the VSO client will be changing to 'table' in version 3.1. To remove this warning set response_format='legacy' to maintain the old behaviour or response_format='table' to use the new behaviour.
WARNING:sunpy:SunpyUserWarning: VSO-C500 :soap:Server.Transport : 411 Length Required
INFO:root:Random query failed. No known query for: SAO | Hinode | XRT
INFO:root:Query: SDAC | EUNIS | LONGWAVE-LOBE-06 between 2006-04-12T00:00:00 and 2006-04-13T00:00:00
INFO:root:Query: SDAC | EUNIS | LONGWAVE-LOBE-07 between 2007-11-06T00:00:00 and 2007-11-07T00:00:00
WARNING:sunpy:SunpyDeprecationWarning: The default response format from the VSO client will be changing to 'table' in version 3.1. To remove this warning set response_format='legacy' to maintain the old behaviour or response_format='table' to use the new behaviour.
INFO:root:Query: SDAC | EUNIS | LONGWAVE-SLIT-06 between 2006-04-12T00:00:00 and 2006-04-13T00:00:00
WARNING:sunpy:SunpyDeprecationWarning: The default response format from the VSO client will be changing to 'table' in version 3.1. To remove this warning set response_format='legacy' to maintain the old behaviour or response_format='table' to use the new behaviour.
INFO:root:Query: SDAC | EUNIS | LONGWAVE-SLIT-07 between 2007-11-06T00:00:00 and 2007-11-07T00:00:00
WARNING:sunpy:SunpyDeprecationWarning: The default response format from the VSO client will be changing to 'table' in version 3.1. To remove this warning set response_format='legacy' to maintain the old behaviour or response_format='table' to use the new behaviour.
INFO:root:Query: SDAC | EUNIS | SHORTWAVE-LOBE-06 between 2006-04-12T00:00:00 and 2006-04-13T00:00:00
WARNING:sunpy:SunpyDeprecationWarning: The default response format from the VSO client will be changing to 'table' in version 3.1. To remove this warning set response_format='legacy' to maintain the old behaviour or response_format='table' to use the new behaviour.
INFO:root:Query: SDAC | EUNIS | SHORTWAVE-LOBE-07 between 2007-11-06T00:00:00 and 2007-11-07T00:00:00
WARNING:sunpy:SunpyDeprecationWarning: The default response format from the VSO client will be changing to 'table' in version 3.1. To remove this warning set response_format='legacy' to maintain the old behaviour or response_format='table' to use the new behaviour.
INFO:root:Query: SDAC | EUNIS | SHORTWAVE-SLIT-06 between 2006-04-12T00:00:00 and 2006-04-13T00:00:00
WARNING:sunpy:SunpyDeprecationWarning: The default response format from the VSO client will be changing to 'table' in version 3.1. To remove this warning set response_format='legacy' to maintain the old behaviour or response_format='table' to use the new behaviour.
INFO:root:Query: SDAC | EUNIS | SHORTWAVE-SLIT-07 between 2007-11-06T00:00:00 and 2007-11-07T00:00:00
WARNING:sunpy:SunpyDeprecationWarning: The default response format from the VSO client will be changing to 'table' in version 3.1. To remove this warning set response_format='legacy' to maintain the old behaviour or response_format='table' to use the new behaviour.
INFO:root:Query: SDAC | FOXSI1 | FOXSI between 2012-11-02T00:00:00 and 2012-11-03T00:00:00
WARNING:sunpy:SunpyDeprecationWarning: The default response format from the VSO client will be changing to 'table' in version 3.1. To remove this warning set response_format='legacy' to maintain the old behaviour or response_format='table' to use the new behaviour.
INFO:root:Query: SDAC | FOXSI2 | FOXSI between 2014-12-11T00:00:00 and 2014-12-12T00:00:00
WARNING:sunpy:SunpyDeprecationWarning: The default response format from the VSO client will be changing to 'table' in version 3.1. To remove this warning set response_format='legacy' to maintain the old behaviour or response_format='table' to use the new behaviour.
INFO:root:Query: SDAC | FOXSI3 | FOXSI between 2018-09-07T00:00:00 and 2018-09-08T00:00:00
WARNING:sunpy:SunpyDeprecationWarning: The default response format from the VSO client will be changing to 'table' in version 3.1. To remove this warning set response_format='legacy' to maintain the old behaviour or response_format='table' to use the new behaviour.
INFO:root:Query: SDAC | FOXSI3 | PHOENIX between 2018-09-07T00:00:00 and 2018-09-08T00:00:00
WARNING:sunpy:SunpyDeprecationWarning: The default response format from the VSO client will be changing to 'table' in version 3.1. To remove this warning set response_format='legacy' to maintain the old behaviour or response_format='table' to use the new behaviour.
INFO:root:Query: SDAC | Hinode | EIS between 2019-12-18T14:02:37.639460 and 2019-12-19T14:02:37.639460
WARNING:sunpy:SunpyDeprecationWarning: The default response format from the VSO client will be changing to 'table' in version 3.1. To remove this warning set response_format='legacy' to maintain the old behaviour or response_format='table' to use the new behaviour.
INFO:root:Query: SDAC | Hinode | SOT between 2010-05-04T06:17:26.539672 and 2010-05-05T06:17:26.539672
WARNING:sunpy:SunpyDeprecationWarning: The default response format from the VSO client will be changing to 'table' in version 3.1. To remove this warning set response_format='legacy' to maintain the old behaviour or response_format='table' to use the new behaviour.
INFO:root:Query: SDAC | SDO | AIA between 2019-06-28T04:05:02.602890 and 2019-06-29T04:05:02.602890
WARNING:sunpy:SunpyDeprecationWarning: The default response format from the VSO client will be changing to 'table' in version 3.1. To remove this warning set response_format='legacy' to maintain the old behaviour or response_format='table' to use the new behaviour.
INFO:root:Random query failed. No known query for: SDAC | SDO | AIA
INFO:root:Query: SDAC | SO | EUI between 2021-09-25T13:29:25.103843 and 2021-09-26T13:29:25.103843
WARNING:sunpy:SunpyDeprecationWarning: The default response format from the VSO client will be changing to 'table' in version 3.1. To remove this warning set response_format='legacy' to maintain the old behaviour or response_format='table' to use the new behaviour.
INFO:root:Random query failed. Trying known query: SDAC | SO | EUI between 2021-02-08T09:44:47.649699 and 2021-02-11T09:44:47.649699
INFO:root:Query: SDAC | SOHO | CDS between 2020-09-23T23:17:31.780783 and 2020-09-24T23:17:31.780783
INFO:root:Random query failed. Trying known query: SDAC | SOHO | CDS between 2000-03-06T19:38:20.393845 and 2000-03-09T19:38:20.393845
INFO:root:Query: SDAC | SOHO | CELIAS between 2007-03-17T08:09:05.268234 and 2007-03-18T08:09:05.268234
INFO:root:Query: SDAC | SOHO | COSTEP between 2011-01-11T14:31:55.832770 and 2011-01-12T14:31:55.832770
WARNING:sunpy:SunpyDeprecationWarning: The default response format from the VSO client will be changing to 'table' in version 3.1. To remove this warning set response_format='legacy' to maintain the old behaviour or response_format='table' to use the new behaviour.
INFO:root:Query: SDAC | SOHO | EIT between 2001-09-08T03:14:28.985495 and 2001-09-09T03:14:28.985495
WARNING:sunpy:SunpyDeprecationWarning: The default response format from the VSO client will be changing to 'table' in version 3.1. To remove this warning set response_format='legacy' to maintain the old behaviour or response_format='table' to use the new behaviour.
INFO:root:Query: SDAC | SOHO | ERNE between 2007-05-29T18:59:06.515340 and 2007-05-30T18:59:06.515340
WARNING:sunpy:SunpyDeprecationWarning: The default response format from the VSO client will be changing to 'table' in version 3.1. To remove this warning set response_format='legacy' to maintain the old behaviour or response_format='table' to use the new behaviour.
INFO:root:Query: SDAC | SOHO | GOLF between 2017-02-15T15:24:16.125878 and 2017-02-16T15:24:16.125878
WARNING:sunpy:SunpyDeprecationWarning: The default response format from the VSO client will be changing to 'table' in version 3.1. To remove this warning set response_format='legacy' to maintain the old behaviour or response_format='table' to use the new behaviour.
INFO:root:Query: SDAC | SOHO | LASCO between 2013-09-11T12:33:29.457597 and 2013-09-12T12:33:29.457597
WARNING:sunpy:SunpyDeprecationWarning: The default response format from the VSO client will be changing to 'table' in version 3.1. To remove this warning set response_format='legacy' to maintain the old behaviour or response_format='table' to use the new behaviour.
INFO:root:Query: SDAC | SOHO | SUMER between 2005-05-13T21:41:15.061814 and 2005-05-14T21:41:15.061814
WARNING:sunpy:SunpyDeprecationWarning: The default response format from the VSO client will be changing to 'table' in version 3.1. To remove this warning set response_format='legacy' to maintain the old behaviour or response_format='table' to use the new behaviour.
WARNING:sunpy:SunpyDeprecationWarning: The default response format from the VSO client will be changing to 'table' in version 3.1. To remove this warning set response_format='legacy' to maintain the old behaviour or response_format='table' to use the new behaviour.
INFO:root:Random query failed. Trying known query: SDAC | SOHO | SUMER between 1996-08-29T00:53:33.446269 and 1996-09-01T00:53:33.446269
INFO:root:Query: SDAC | SOHO | SWAN between 2005-05-13T21:26:19.158807 and 2005-05-14T21:26:19.158807
INFO:root:Query: SDAC | SOHO | UVCS between 1999-04-22T13:34:40.805475 and 1999-04-23T13:34:40.805475
WARNING:sunpy:SunpyDeprecationWarning: The default response format from the VSO client will be changing to 'table' in version 3.1. To remove this warning set response_format='legacy' to maintain the old behaviour or response_format='table' to use the new behaviour.
INFO:root:Query: SDAC | SOHO | VIRGO between 2006-07-20T20:10:22.928297 and 2006-07-21T20:10:22.928297
WARNING:sunpy:SunpyDeprecationWarning: The default response format from the VSO client will be changing to 'table' in version 3.1. To remove this warning set response_format='legacy' to maintain the old behaviour or response_format='table' to use the new behaviour.
INFO:root:Query: SDAC | TRACE | TRACE between 2010-01-19T09:58:48.539076 and 2010-01-20T09:58:48.539076
WARNING:sunpy:SunpyDeprecationWarning: The default response format from the VSO client will be changing to 'table' in version 3.1. To remove this warning set response_format='legacy' to maintain the old behaviour or response_format='table' to use the new behaviour.
INFO:root:Query: SDAC | VAULT | VAULT-1999 between 1999-05-07T00:00:00 and 1999-05-08T00:00:00
WARNING:sunpy:SunpyDeprecationWarning: The default response format from the VSO client will be changing to 'table' in version 3.1. To remove this warning set response_format='legacy' to maintain the old behaviour or response_format='table' to use the new behaviour.
INFO:root:Query: SDAC | VAULT | VAULT-2002 between 2002-06-14T00:00:00 and 2002-06-15T00:00:00
WARNING:sunpy:SunpyDeprecationWarning: The default response format from the VSO client will be changing to 'table' in version 3.1. To remove this warning set response_format='legacy' to maintain the old behaviour or response_format='table' to use the new behaviour.
INFO:root:Query: SDAC | VAULT | VAULT-2014 between 2014-09-30T00:00:00 and 2014-10-01T00:00:00
WARNING:sunpy:SunpyDeprecationWarning: The default response format from the VSO client will be changing to 'table' in version 3.1. To remove this warning set response_format='legacy' to maintain the old behaviour or response_format='table' to use the new behaviour.
INFO:root:Query: SFO | SFO | CFTD1 between 2009-06-09T09:22:21.517351 and 2009-06-10T09:22:21.517351
WARNING:sunpy:SunpyDeprecationWarning: The default response format from the VSO client will be changing to 'table' in version 3.1. To remove this warning set response_format='legacy' to maintain the old behaviour or response_format='table' to use the new behaviour.
INFO:root:Random query failed. No known query for: SFO | SFO | CFTD1
INFO:root:Query: SFO | SFO | CFTD2 between 2011-03-06T11:51:13.096953 and 2011-03-07T11:51:13.096953
INFO:root:Random query failed. No known query for: SFO | SFO | CFTD2
INFO:root:Query: SHA | SOHO | MDI between 1998-11-18T09:24:39.088873 and 1998-11-19T09:24:39.088873
WARNING:sunpy:SunpyDeprecationWarning: The default response format from the VSO client will be changing to 'table' in version 3.1. To remove this warning set response_format='legacy' to maintain the old behaviour or response_format='table' to use the new behaviour.
INFO:root:Random query failed. Trying known query: SHA | SOHO | MDI between 2001-10-29T07:34:41.804836 and 2001-11-01T07:34:41.804836
INFO:root:Query: SSC | STEREO_A | IMPACT between 2015-07-29T12:44:06.644343 and 2015-07-30T12:44:06.644343
INFO:root:Query: SSC | STEREO_A | PLASTIC between 2009-12-06T20:56:36.382816 and 2009-12-07T20:56:36.382816
WARNING:sunpy:SunpyDeprecationWarning: The default response format from the VSO client will be changing to 'table' in version 3.1. To remove this warning set response_format='legacy' to maintain the old behaviour or response_format='table' to use the new behaviour.
INFO:root:Query: SSC | STEREO_A | SECCHI between 2009-08-26T08:55:29.175194 and 2009-08-27T08:55:29.175194
WARNING:sunpy:SunpyDeprecationWarning: The default response format from the VSO client will be changing to 'table' in version 3.1. To remove this warning set response_format='legacy' to maintain the old behaviour or response_format='table' to use the new behaviour.
INFO:root:Query: SSC | STEREO_A | SWAVES between 2018-09-30T18:19:17.237954 and 2018-10-01T18:19:17.237954
WARNING:sunpy:SunpyDeprecationWarning: The default response format from the VSO client will be changing to 'table' in version 3.1. To remove this warning set response_format='legacy' to maintain the old behaviour or response_format='table' to use the new behaviour.
INFO:root:Query: SSC | STEREO_B | IMPACT between 2018-06-14T11:44:17.707070 and 2018-06-15T11:44:17.707070
WARNING:sunpy:SunpyDeprecationWarning: The default response format from the VSO client will be changing to 'table' in version 3.1. To remove this warning set response_format='legacy' to maintain the old behaviour or response_format='table' to use the new behaviour.
WARNING:sunpy:SunpyDeprecationWarning: The default response format from the VSO client will be changing to 'table' in version 3.1. To remove this warning set response_format='legacy' to maintain the old behaviour or response_format='table' to use the new behaviour.
INFO:root:Random query failed. Trying known query: SSC | STEREO_B | IMPACT between 2007-10-02T17:02:57.364076 and 2007-10-05T17:02:57.364076
INFO:root:Query: SSC | STEREO_B | PLASTIC between 2013-06-17T12:35:16.429506 and 2013-06-18T12:35:16.429506
INFO:root:Query: SSC | STEREO_B | SECCHI between 2016-12-21T09:54:47.759660 and 2016-12-22T09:54:47.759660
WARNING:sunpy:SunpyDeprecationWarning: The default response format from the VSO client will be changing to 'table' in version 3.1. To remove this warning set response_format='legacy' to maintain the old behaviour or response_format='table' to use the new behaviour.
WARNING:sunpy:SunpyDeprecationWarning: The default response format from the VSO client will be changing to 'table' in version 3.1. To remove this warning set response_format='legacy' to maintain the old behaviour or response_format='table' to use the new behaviour.
INFO:root:Random query failed. Trying known query: SSC | STEREO_B | SECCHI between 2007-07-05T21:37:58.856810 and 2007-07-08T21:37:58.856810
INFO:root:Query: SSC | STEREO_B | SWAVES between 2009-12-27T06:59:15.089284 and 2009-12-28T06:59:15.089284
