INFO:root:Query: HAO | MLSO | K-Cor between 2018-01-10T07:59:21.189691 and 2018-01-11T07:59:21.189691
WARNING:sunpy:SunpyDeprecationWarning: The default response format from the VSO client will be changing to 'table' in version 3.1. To remove this warning set response_format='legacy' to maintain the old behaviour or response_format='table' to use the new behaviour.
WARNING:sunpy:SunpyUserWarning: VSO-C500 :soap:Server.Transport : 503 Service Unavailable
INFO:root:Random query failed. No known query for: HAO | MLSO | K-Cor
INFO:root:Query: HAO | MLSO | chp between 2000-05-07T15:29:37.273944 and 2000-05-08T15:29:37.273944
INFO:root:Random query failed. No known query for: HAO | MLSO | chp
INFO:root:Query: HAO | MLSO | dpm between 1998-08-25T18:07:03.581356 and 1998-08-26T18:07:03.581356
INFO:root:Random query failed. No known query for: HAO | MLSO | dpm
INFO:root:Query: HAO | MLSO | mk4 between 2003-08-21T17:40:54.430667 and 2003-08-22T17:40:54.430667
INFO:root:Random query failed. No known query for: HAO | MLSO | mk4
INFO:root:Query: HAO | SMM | cp between 1980-12-09T08:25:49.705601 and 1980-12-10T08:25:49.705601
INFO:root:Random query failed. No known query for: HAO | SMM | cp
INFO:root:Query: INAF-OACT | OACT | BE-Continuum between 2016-07-12T04:06:58.807337 and 2016-07-13T04:06:58.807337
INFO:parfive:http://ssa.oact.inaf.it/oact/data/fits/2016/07/12/oact_hared_fi_20160712_064911.fts failed to download with exception
Download Failed: http://ssa.oact.inaf.it/oact/data/fits/2016/07/12/oact_hared_fi_20160712_064911.fts with error <ClientResponse(http://ssa.oact.inaf.it/oact/data/fits/2016/07/12/oact_hared_fi_20160712_064911.fts) [404 Not Found]>
<CIMultiDictProxy('Date': 'Tue, 02 Nov 2021 17:54:14 GMT', 'Server': 'Apache/2.4.18 (Ubuntu)', 'Content-Length': '278', 'Content-Type': 'text/html; charset=iso-8859-1')>

INFO:root:Query: INAF-OACT | OACT | BE-Halpha between 2021-10-08T23:22:18.889368 and 2021-10-09T23:22:18.889368
WARNING:sunpy:SunpyDeprecationWarning: The default response format from the VSO client will be changing to 'table' in version 3.1. To remove this warning set response_format='legacy' to maintain the old behaviour or response_format='table' to use the new behaviour.
WARNING:sunpy:SunpyDeprecationWarning: The default response format from the VSO client will be changing to 'table' in version 3.1. To remove this warning set response_format='legacy' to maintain the old behaviour or response_format='table' to use the new behaviour.
INFO:root:Random query failed. Trying known query: INAF-OACT | OACT | BE-Halpha between 2021-04-19T15:11:35.576707 and 2021-04-22T15:11:35.576707
INFO:root:Query: INAF-OACT | OACT | Cooke-Refractor between 2016-09-07T07:54:51.156253 and 2016-09-08T07:54:51.156253
INFO:root:Random query failed. No known query for: INAF-OACT | OACT | Cooke-Refractor
INFO:root:Query: JSOC | SDO | AIA between 2013-10-08T00:11:12.239174 and 2013-10-09T00:11:12.239174
INFO:parfive:https://sdo7.nascom.nasa.gov/cgi-bin/drms_export.cgi?series=aia__lev1;compress=rice;record=94_1160266310-1160266790 failed to download with exception
Timeout on reading data from socket
INFO:root:Query: JSOC | SDO | HMI between 2017-09-16T16:30:59.696723 and 2017-09-17T16:30:59.696723
WARNING:sunpy:SunpyDeprecationWarning: The default response format from the VSO client will be changing to 'table' in version 3.1. To remove this warning set response_format='legacy' to maintain the old behaviour or response_format='table' to use the new behaviour.
INFO:parfive:https://sdo7.nascom.nasa.gov/cgi-bin/drms_export.cgi?series=hmi__Ic_45s;compress=rice;record=17327403-17327439 failed to download with exception
Timeout on reading data from socket
INFO:root:Query: KIS | ChroTel | ChroTel between 2012-09-29T17:01:59.054178 and 2012-09-30T17:01:59.054178
WARNING:sunpy:SunpyDeprecationWarning: The default response format from the VSO client will be changing to 'table' in version 3.1. To remove this warning set response_format='legacy' to maintain the old behaviour or response_format='table' to use the new behaviour.
INFO:root:Random query failed. No known query for: KIS | ChroTel | ChroTel
INFO:root:Query: KSO | KSO | CAII between 2015-05-14T00:35:21.928607 and 2015-05-15T00:35:21.928607
WARNING:sunpy:SunpyUserWarning: VSO-D505 Version not supported
INFO:root:Random query failed. No known query for: KSO | KSO | CAII
INFO:root:Query: KSO | KSO | FILM between 1998-11-21T17:28:06.978892 and 1998-11-22T17:28:06.978892
INFO:root:Random query failed. No known query for: KSO | KSO | FILM
INFO:root:Query: KSO | KSO | HA2 between 2018-02-08T13:50:32.577225 and 2018-02-09T13:50:32.577225
INFO:root:Random query failed. No known query for: KSO | KSO | HA2
INFO:root:Query: KSO | KSO | KPDC between 2021-03-27T20:23:05.489698 and 2021-03-28T20:23:05.489698
INFO:root:Random query failed. No known query for: KSO | KSO | KPDC
INFO:root:Query: KSO | KSO | PHOKA between 1997-11-07T20:47:47.825937 and 1997-11-08T20:47:47.825937
INFO:root:Random query failed. No known query for: KSO | KSO | PHOKA
INFO:root:Query: KSO | KSO | TM-1001 between 2000-08-06T10:06:15.874887 and 2000-08-07T10:06:15.874887
INFO:root:Random query failed. No known query for: KSO | KSO | TM-1001
INFO:root:Query: KSO | KSO | TM-1010 between 2010-02-15T22:36:46.789364 and 2010-02-16T22:36:46.789364
INFO:root:Random query failed. No known query for: KSO | KSO | TM-1010
INFO:root:Query: LASP | MINXSS1 | X123 between 2017-03-22T21:28:59.571614 and 2017-03-23T21:28:59.571614
INFO:root:Query: LASP | SDO | EVE between 2019-12-08T22:46:28.867233 and 2019-12-09T22:46:28.867233
WARNING:sunpy:SunpyDeprecationWarning: The default response format from the VSO client will be changing to 'table' in version 3.1. To remove this warning set response_format='legacy' to maintain the old behaviour or response_format='table' to use the new behaviour.
INFO:parfive:http://lasp.colorado.edu/eve/data_access/evewebdataproducts/level1/esp/2019/esp_L1_2019342_006.fit failed to download with exception
Download Failed: http://lasp.colorado.edu/eve/data_access/evewebdataproducts/level1/esp/2019/esp_L1_2019342_006.fit with error <ClientResponse(https://lasp.colorado.edu/eve/data_access/evewebdataproducts/level1/esp/2019/esp_L1_2019342_006.fit) [404 Not Found]>
<CIMultiDictProxy('Content-Type': 'text/html; charset=iso-8859-1', 'Content-Length': '196', 'Connection': 'keep-alive', 'Date': 'Tue, 02 Nov 2021 17:58:07 GMT', 'Server': 'Apache/2.4.41 (Unix) OpenSSL/1.0.2k-fips PHP/7.4.0', 'Set-Cookie': 'HttpOnly')>

INFO:root:Query: LMSAL | IRIS | IRIS between 2017-03-17T21:27:01.559170 and 2017-03-18T21:27:01.559170
WARNING:sunpy:SunpyDeprecationWarning: The default response format from the VSO client will be changing to 'table' in version 3.1. To remove this warning set response_format='legacy' to maintain the old behaviour or response_format='table' to use the new behaviour.
INFO:root:Query: LSSP | RHESSI | RHESSI between 2018-08-28T03:47:50.771127 and 2018-08-29T03:47:50.771127
WARNING:sunpy:SunpyDeprecationWarning: The default response format from the VSO client will be changing to 'table' in version 3.1. To remove this warning set response_format='legacy' to maintain the old behaviour or response_format='table' to use the new behaviour.
WARNING:sunpy:SunpyDeprecationWarning: The default response format from the VSO client will be changing to 'table' in version 3.1. To remove this warning set response_format='legacy' to maintain the old behaviour or response_format='table' to use the new behaviour.
INFO:root:Random query failed. Trying known query: LSSP | RHESSI | RHESSI between 2006-11-18T17:33:49.141076 and 2006-11-21T17:33:49.141076
INFO:root:Query: MSFC | CLASP2 | SJ between 2019-04-11T00:00:00 and 2019-04-12T00:00:00
INFO:root:Query: MSFC | CLASP2 | SP1 between 2019-04-11T00:00:00 and 2019-04-12T00:00:00
WARNING:sunpy:SunpyDeprecationWarning: The default response format from the VSO client will be changing to 'table' in version 3.1. To remove this warning set response_format='legacy' to maintain the old behaviour or response_format='table' to use the new behaviour.
INFO:root:Query: MSFC | CLASP2 | SP2 between 2019-04-11T00:00:00 and 2019-04-12T00:00:00
WARNING:sunpy:SunpyDeprecationWarning: The default response format from the VSO client will be changing to 'table' in version 3.1. To remove this warning set response_format='legacy' to maintain the old behaviour or response_format='table' to use the new behaviour.
INFO:root:Query: MSFC | HI-C | HI-C between 2012-07-11T00:00:00 and 2012-07-12T00:00:00
WARNING:sunpy:SunpyDeprecationWarning: The default response format from the VSO client will be changing to 'table' in version 3.1. To remove this warning set response_format='legacy' to maintain the old behaviour or response_format='table' to use the new behaviour.
INFO:root:Query: MSFC | HI-C21 | HI-C21 between 2018-05-29T00:00:00 and 2018-05-30T00:00:00
WARNING:sunpy:SunpyDeprecationWarning: The default response format from the VSO client will be changing to 'table' in version 3.1. To remove this warning set response_format='legacy' to maintain the old behaviour or response_format='table' to use the new behaviour.
INFO:root:Query: MSU | YOHKOH | BCS between 2000-02-29T02:10:35.525392 and 2000-03-01T02:10:35.525392
WARNING:sunpy:SunpyDeprecationWarning: The default response format from the VSO client will be changing to 'table' in version 3.1. To remove this warning set response_format='legacy' to maintain the old behaviour or response_format='table' to use the new behaviour.
WARNING:sunpy:SunpyUserWarning: VSO-C500 :soap:Server.Transport : 500 Internal Server Error
INFO:root:Random query failed. No known query for: MSU | YOHKOH | BCS
INFO:root:Query: MSU | YOHKOH | HXT between 1994-01-12T22:06:57.409623 and 1994-01-13T22:06:57.409623
INFO:root:Random query failed. No known query for: MSU | YOHKOH | HXT
INFO:root:Query: MSU | YOHKOH | SXT between 1999-03-09T23:46:06.983842 and 1999-03-10T23:46:06.983842
INFO:root:Random query failed. No known query for: MSU | YOHKOH | SXT
INFO:root:Query: MSU | YOHKOH | WBS between 1999-05-14T21:30:47.305888 and 1999-05-15T21:30:47.305888
INFO:root:Random query failed. No known query for: MSU | YOHKOH | WBS
INFO:root:Query: MWSPADP | MtWilson | 60-ft SHG between 1983-11-27T01:06:25.898047 and 1983-11-28T01:06:25.898047
INFO:root:Query: NGDC | GOES-12 | SXI-0 between 2014-08-01T17:45:26.538229 and 2014-08-02T17:45:26.538229
WARNING:sunpy:SunpyDeprecationWarning: The default response format from the VSO client will be changing to 'table' in version 3.1. To remove this warning set response_format='legacy' to maintain the old behaviour or response_format='table' to use the new behaviour.
WARNING:sunpy:SunpyUserWarning: VSO-D503 Unavailable - Not able to access NGDC at this time.  We are working on a solution
INFO:root:Random query failed. No known query for: NGDC | GOES-12 | SXI-0
INFO:root:Query: NOAA | GOES16 | SUVI between 2020-05-31T07:28:21.809339 and 2020-06-01T07:28:21.809339
INFO:root:Query: NOAA | GOES17 | SUVI between 2019-04-14T18:48:22.478368 and 2019-04-15T18:48:22.478368
WARNING:sunpy:SunpyDeprecationWarning: The default response format from the VSO client will be changing to 'table' in version 3.1. To remove this warning set response_format='legacy' to maintain the old behaviour or response_format='table' to use the new behaviour.
INFO:root:Query: NRL | PSP | WISPR between 2019-05-02T06:39:16.585044 and 2019-05-03T06:39:16.585044
WARNING:sunpy:SunpyDeprecationWarning: The default response format from the VSO client will be changing to 'table' in version 3.1. To remove this warning set response_format='legacy' to maintain the old behaviour or response_format='table' to use the new behaviour.
WARNING:sunpy:SunpyDeprecationWarning: The default response format from the VSO client will be changing to 'table' in version 3.1. To remove this warning set response_format='legacy' to maintain the old behaviour or response_format='table' to use the new behaviour.
INFO:root:Random query failed. Trying known query: NRL | PSP | WISPR between 2019-12-19T06:03:51.115948 and 2019-12-22T06:03:51.115948
INFO:root:Query: NSO | Evans | spectroheliograph between 1998-09-17T07:49:14.602825 and 1998-09-18T07:49:14.602825
INFO:root:Query: NSO | GONG | Big Bear between 2014-10-08T18:54:19.480004 and 2014-10-09T18:54:19.480004
INFO:root:Query: NSO | GONG | Cerro Tololo between 2006-08-22T01:47:22.950842 and 2006-08-23T01:47:22.950842
WARNING:sunpy:SunpyDeprecationWarning: The default response format from the VSO client will be changing to 'table' in version 3.1. To remove this warning set response_format='legacy' to maintain the old behaviour or response_format='table' to use the new behaviour.
INFO:root:Query: NSO | GONG | El Teide between 2019-11-15T20:09:28.044322 and 2019-11-16T20:09:28.044322
WARNING:sunpy:SunpyDeprecationWarning: The default response format from the VSO client will be changing to 'table' in version 3.1. To remove this warning set response_format='legacy' to maintain the old behaviour or response_format='table' to use the new behaviour.
INFO:root:Query: NSO | GONG | Learmonth between 2015-06-03T04:45:38.267972 and 2015-06-04T04:45:38.267972
WARNING:sunpy:SunpyDeprecationWarning: The default response format from the VSO client will be changing to 'table' in version 3.1. To remove this warning set response_format='legacy' to maintain the old behaviour or response_format='table' to use the new behaviour.
INFO:root:Query: NSO | GONG | MERGED GONG between 2014-10-29T07:30:42.952569 and 2014-10-30T07:30:42.952569
WARNING:sunpy:SunpyDeprecationWarning: The default response format from the VSO client will be changing to 'table' in version 3.1. To remove this warning set response_format='legacy' to maintain the old behaviour or response_format='table' to use the new behaviour.
INFO:root:Query: NSO | GONG | Mauna Loa between 2012-08-23T16:05:45.667252 and 2012-08-24T16:05:45.667252
WARNING:sunpy:SunpyDeprecationWarning: The default response format from the VSO client will be changing to 'table' in version 3.1. To remove this warning set response_format='legacy' to maintain the old behaviour or response_format='table' to use the new behaviour.
INFO:root:Query: NSO | GONG | Udaipur between 2019-03-22T12:34:53.168074 and 2019-03-23T12:34:53.168074
WARNING:sunpy:SunpyDeprecationWarning: The default response format from the VSO client will be changing to 'table' in version 3.1. To remove this warning set response_format='legacy' to maintain the old behaviour or response_format='table' to use the new behaviour.
INFO:root:Query: NSO | HXECLIPSE | HXECLIPSE between 1977-09-04T18:27:07.219761 and 1977-09-05T18:27:07.219761
WARNING:sunpy:SunpyDeprecationWarning: The default response format from the VSO client will be changing to 'table' in version 3.1. To remove this warning set response_format='legacy' to maintain the old behaviour or response_format='table' to use the new behaviour.
INFO:root:Random query failed. No known query for: NSO | HXECLIPSE | HXECLIPSE
INFO:root:Query: NSO | ISOON | ISOON between 2011-10-18T14:11:16.666281 and 2011-10-19T14:11:16.666281
WARNING:sunpy:SunpyDeprecationWarning: The default response format from the VSO client will be changing to 'table' in version 3.1. To remove this warning set response_format='legacy' to maintain the old behaviour or response_format='table' to use the new behaviour.
INFO:root:Random query failed. Trying known query: NSO | ISOON | ISOON between 2012-04-15T09:13:42.709996 and 2012-04-18T09:13:42.709996
INFO:root:Query: NSO | IVM | IVM between 2002-10-23T09:30:05.398760 and 2002-10-24T09:30:05.398760
INFO:root:Query: NSO | KPVT | 512-channel magnetograph between 1984-09-19T10:32:00.265232 and 1984-09-20T10:32:00.265232
WARNING:sunpy:SunpyDeprecationWarning: The default response format from the VSO client will be changing to 'table' in version 3.1. To remove this warning set response_format='legacy' to maintain the old behaviour or response_format='table' to use the new behaviour.
INFO:root:Query: NSO | KPVT | spectromagnetograph between 1993-01-05T03:37:00.375313 and 1993-01-06T03:37:00.375313
WARNING:sunpy:SunpyDeprecationWarning: The default response format from the VSO client will be changing to 'table' in version 3.1. To remove this warning set response_format='legacy' to maintain the old behaviour or response_format='table' to use the new behaviour.
WARNING:sunpy:SunpyDeprecationWarning: The default response format from the VSO client will be changing to 'table' in version 3.1. To remove this warning set response_format='legacy' to maintain the old behaviour or response_format='table' to use the new behaviour.
INFO:root:Random query failed. Trying known query: NSO | KPVT | spectromagnetograph between 1996-12-21T17:58:20.509124 and 1996-12-24T17:58:20.509124
INFO:root:Query: NSO | McMath | solar fts spectrometer between 2001-08-09T18:56:38.352761 and 2001-08-10T18:56:38.352761
INFO:root:Random query failed. Trying known query: NSO | McMath | solar fts spectrometer between 1992-09-21T15:57:45.551974 and 1992-09-24T15:57:45.551974
INFO:root:Query: NSO | PTMC | PTMC between 1969-05-27T18:06:25.413876 and 1969-05-28T18:06:25.413876
INFO:root:Random query failed. Trying known query: NSO | PTMC | PTMC between 1997-11-26T06:01:49.439688 and 1997-11-29T06:01:49.439688
INFO:root:Query: NSO | SDO | HMI between 2014-05-28T09:09:08.342929 and 2014-05-29T09:09:08.342929
INFO:root:Query: NSO | SOLIS | ISS between 2019-06-27T07:51:53.139223 and 2019-06-28T07:51:53.139223
WARNING:sunpy:SunpyDeprecationWarning: The default response format from the VSO client will be changing to 'table' in version 3.1. To remove this warning set response_format='legacy' to maintain the old behaviour or response_format='table' to use the new behaviour.
WARNING:sunpy:SunpyDeprecationWarning: The default response format from the VSO client will be changing to 'table' in version 3.1. To remove this warning set response_format='legacy' to maintain the old behaviour or response_format='table' to use the new behaviour.
INFO:root:Random query failed. Trying known query: NSO | SOLIS | ISS between 2010-03-07T15:35:26.899226 and 2010-03-10T15:35:26.899226
INFO:root:Query: NSO | SOLIS | vsm between 2005-03-01T14:06:27.249142 and 2005-03-02T14:06:27.249142
INFO:root:Query: NWRA | MCCD | MEES between 1998-06-03T14:11:31.432813 and 1998-06-04T14:11:31.432813
WARNING:sunpy:SunpyDeprecationWarning: The default response format from the VSO client will be changing to 'table' in version 3.1. To remove this warning set response_format='legacy' to maintain the old behaviour or response_format='table' to use the new behaviour.
WARNING:sunpy:SunpyDeprecationWarning: The default response format from the VSO client will be changing to 'table' in version 3.1. To remove this warning set response_format='legacy' to maintain the old behaviour or response_format='table' to use the new behaviour.
INFO:root:Random query failed. Trying known query: NWRA | MCCD | MEES between 2003-02-26T07:48:00.344230 and 2003-03-01T07:48:00.344230
INFO:root:Query: OBSPM | OBSPM | Meudon Spectroheliograph between 2019-07-26T01:21:55.994240 and 2019-07-27T01:21:55.994240
INFO:root:Query: OMP | OMP | CLIMSO between 2018-11-01T06:35:25.003476 and 2018-11-02T06:35:25.003476
WARNING:sunpy:SunpyDeprecationWarning: The default response format from the VSO client will be changing to 'table' in version 3.1. To remove this warning set response_format='legacy' to maintain the old behaviour or response_format='table' to use the new behaviour.
WARNING:sunpy:SunpyDeprecationWarning: The default response format from the VSO client will be changing to 'table' in version 3.1. To remove this warning set response_format='legacy' to maintain the old behaviour or response_format='table' to use the new behaviour.
INFO:root:Random query failed. Trying known query: OMP | OMP | CLIMSO between 2015-05-31T08:43:03.176104 and 2015-06-03T08:43:03.176104
INFO:root:Query: OVRO | OVRO | OVSA between 2006-06-08T22:05:56.556358 and 2006-06-09T22:05:56.556358
WARNING:sunpy:SunpyUserWarning: VSO-C500 :soap:Server.Transport : 404 Not Found
INFO:root:Random query failed. No known query for: OVRO | OVRO | OVSA
INFO:root:Query: ROB | PROBA2 | SWAP between 2016-09-06T19:30:54.477801 and 2016-09-07T19:30:54.477801
INFO:root:Query: SAO | Hinode | XRT between 2011-08-30T08:57:59.548925 and 2011-08-31T08:57:59.548925
WARNING:sunpy:SunpyDeprecationWarning: The default response format from the VSO client will be changing to 'table' in version 3.1. To remove this warning set response_format='legacy' to maintain the old behaviour or response_format='table' to use the new behaviour.
WARNING:sunpy:SunpyUserWarning: VSO-C500 :soap:Server.Transport : 411 Length Required
INFO:root:Random query failed. No known query for: SAO | Hinode | XRT
INFO:root:Query: SDAC | EUNIS | LONGWAVE-LOBE-06 between 2006-04-12T00:00:00 and 2006-04-13T00:00:00
INFO:root:Query: SDAC | EUNIS | LONGWAVE-LOBE-07 between 2007-11-06T00:00:00 and 2007-11-07T00:00:00
WARNING:sunpy:SunpyDeprecationWarning: The default response format from the VSO client will be changing to 'table' in version 3.1. To remove this warning set response_format='legacy' to maintain the old behaviour or response_format='table' to use the new behaviour.
INFO:root:Query: SDAC | EUNIS | LONGWAVE-SLIT-06 between 2006-04-12T00:00:00 and 2006-04-13T00:00:00
WARNING:sunpy:SunpyDeprecationWarning: The default response format from the VSO client will be changing to 'table' in version 3.1. To remove this warning set response_format='legacy' to maintain the old behaviour or response_format='table' to use the new behaviour.
INFO:root:Query: SDAC | EUNIS | LONGWAVE-SLIT-07 between 2007-11-06T00:00:00 and 2007-11-07T00:00:00
WARNING:sunpy:SunpyDeprecationWarning: The default response format from the VSO client will be changing to 'table' in version 3.1. To remove this warning set response_format='legacy' to maintain the old behaviour or response_format='table' to use the new behaviour.
INFO:root:Query: SDAC | EUNIS | SHORTWAVE-LOBE-06 between 2006-04-12T00:00:00 and 2006-04-13T00:00:00
WARNING:sunpy:SunpyDeprecationWarning: The default response format from the VSO client will be changing to 'table' in version 3.1. To remove this warning set response_format='legacy' to maintain the old behaviour or response_format='table' to use the new behaviour.
INFO:root:Query: SDAC | EUNIS | SHORTWAVE-LOBE-07 between 2007-11-06T00:00:00 and 2007-11-07T00:00:00
WARNING:sunpy:SunpyDeprecationWarning: The default response format from the VSO client will be changing to 'table' in version 3.1. To remove this warning set response_format='legacy' to maintain the old behaviour or response_format='table' to use the new behaviour.
INFO:root:Query: SDAC | EUNIS | SHORTWAVE-SLIT-06 between 2006-04-12T00:00:00 and 2006-04-13T00:00:00
WARNING:sunpy:SunpyDeprecationWarning: The default response format from the VSO client will be changing to 'table' in version 3.1. To remove this warning set response_format='legacy' to maintain the old behaviour or response_format='table' to use the new behaviour.
INFO:root:Query: SDAC | EUNIS | SHORTWAVE-SLIT-07 between 2007-11-06T00:00:00 and 2007-11-07T00:00:00
WARNING:sunpy:SunpyDeprecationWarning: The default response format from the VSO client will be changing to 'table' in version 3.1. To remove this warning set response_format='legacy' to maintain the old behaviour or response_format='table' to use the new behaviour.
INFO:root:Query: SDAC | FOXSI1 | FOXSI between 2012-11-02T00:00:00 and 2012-11-03T00:00:00
WARNING:sunpy:SunpyDeprecationWarning: The default response format from the VSO client will be changing to 'table' in version 3.1. To remove this warning set response_format='legacy' to maintain the old behaviour or response_format='table' to use the new behaviour.
INFO:root:Query: SDAC | FOXSI2 | FOXSI between 2014-12-11T00:00:00 and 2014-12-12T00:00:00
WARNING:sunpy:SunpyDeprecationWarning: The default response format from the VSO client will be changing to 'table' in version 3.1. To remove this warning set response_format='legacy' to maintain the old behaviour or response_format='table' to use the new behaviour.
INFO:root:Query: SDAC | FOXSI3 | FOXSI between 2018-09-07T00:00:00 and 2018-09-08T00:00:00
WARNING:sunpy:SunpyDeprecationWarning: The default response format from the VSO client will be changing to 'table' in version 3.1. To remove this warning set response_format='legacy' to maintain the old behaviour or response_format='table' to use the new behaviour.
INFO:root:Query: SDAC | FOXSI3 | PHOENIX between 2018-09-07T00:00:00 and 2018-09-08T00:00:00
WARNING:sunpy:SunpyDeprecationWarning: The default response format from the VSO client will be changing to 'table' in version 3.1. To remove this warning set response_format='legacy' to maintain the old behaviour or response_format='table' to use the new behaviour.
INFO:root:Query: SDAC | Hinode | EIS between 2015-09-16T17:42:17.389130 and 2015-09-17T17:42:17.389130
WARNING:sunpy:SunpyDeprecationWarning: The default response format from the VSO client will be changing to 'table' in version 3.1. To remove this warning set response_format='legacy' to maintain the old behaviour or response_format='table' to use the new behaviour.
INFO:root:Query: SDAC | Hinode | SOT between 2018-08-29T13:05:39.636049 and 2018-08-30T13:05:39.636049
WARNING:sunpy:SunpyDeprecationWarning: The default response format from the VSO client will be changing to 'table' in version 3.1. To remove this warning set response_format='legacy' to maintain the old behaviour or response_format='table' to use the new behaviour.
INFO:root:Query: SDAC | SDO | AIA between 2013-02-24T20:13:28.368407 and 2013-02-25T20:13:28.368407
WARNING:sunpy:SunpyDeprecationWarning: The default response format from the VSO client will be changing to 'table' in version 3.1. To remove this warning set response_format='legacy' to maintain the old behaviour or response_format='table' to use the new behaviour.
INFO:root:Random query failed. No known query for: SDAC | SDO | AIA
INFO:root:Query: SDAC | SO | EUI between 2021-04-10T02:33:13.207497 and 2021-04-11T02:33:13.207497
WARNING:sunpy:SunpyDeprecationWarning: The default response format from the VSO client will be changing to 'table' in version 3.1. To remove this warning set response_format='legacy' to maintain the old behaviour or response_format='table' to use the new behaviour.
INFO:root:Random query failed. Trying known query: SDAC | SO | EUI between 2021-02-08T09:44:47.649699 and 2021-02-11T09:44:47.649699
INFO:root:Query: SDAC | SOHO | CDS between 2011-12-24T07:50:04.996365 and 2011-12-25T07:50:04.996365
INFO:root:Query: SDAC | SOHO | CELIAS between 2021-02-14T05:46:23.524602 and 2021-02-15T05:46:23.524602
WARNING:sunpy:SunpyDeprecationWarning: The default response format from the VSO client will be changing to 'table' in version 3.1. To remove this warning set response_format='legacy' to maintain the old behaviour or response_format='table' to use the new behaviour.
INFO:root:Query: SDAC | SOHO | COSTEP between 2000-06-07T18:46:35.681606 and 2000-06-08T18:46:35.681606
WARNING:sunpy:SunpyDeprecationWarning: The default response format from the VSO client will be changing to 'table' in version 3.1. To remove this warning set response_format='legacy' to maintain the old behaviour or response_format='table' to use the new behaviour.
INFO:root:Query: SDAC | SOHO | EIT between 2002-09-16T17:05:03.712340 and 2002-09-17T17:05:03.712340
WARNING:sunpy:SunpyDeprecationWarning: The default response format from the VSO client will be changing to 'table' in version 3.1. To remove this warning set response_format='legacy' to maintain the old behaviour or response_format='table' to use the new behaviour.
INFO:root:Query: SDAC | SOHO | ERNE between 2014-04-21T22:28:35.907651 and 2014-04-22T22:28:35.907651
WARNING:sunpy:SunpyDeprecationWarning: The default response format from the VSO client will be changing to 'table' in version 3.1. To remove this warning set response_format='legacy' to maintain the old behaviour or response_format='table' to use the new behaviour.
INFO:root:Query: SDAC | SOHO | GOLF between 2017-12-02T17:25:07.307557 and 2017-12-03T17:25:07.307557
WARNING:sunpy:SunpyDeprecationWarning: The default response format from the VSO client will be changing to 'table' in version 3.1. To remove this warning set response_format='legacy' to maintain the old behaviour or response_format='table' to use the new behaviour.
INFO:root:Query: SDAC | SOHO | LASCO between 2017-06-12T14:56:32.586584 and 2017-06-13T14:56:32.586584
WARNING:sunpy:SunpyDeprecationWarning: The default response format from the VSO client will be changing to 'table' in version 3.1. To remove this warning set response_format='legacy' to maintain the old behaviour or response_format='table' to use the new behaviour.
INFO:root:Query: SDAC | SOHO | SUMER between 1997-11-13T11:50:59.699590 and 1997-11-14T11:50:59.699590
WARNING:sunpy:SunpyDeprecationWarning: The default response format from the VSO client will be changing to 'table' in version 3.1. To remove this warning set response_format='legacy' to maintain the old behaviour or response_format='table' to use the new behaviour.
WARNING:sunpy:SunpyDeprecationWarning: The default response format from the VSO client will be changing to 'table' in version 3.1. To remove this warning set response_format='legacy' to maintain the old behaviour or response_format='table' to use the new behaviour.
INFO:root:Random query failed. Trying known query: SDAC | SOHO | SUMER between 1996-08-29T00:53:33.446269 and 1996-09-01T00:53:33.446269
INFO:root:Query: SDAC | SOHO | SWAN between 2007-02-01T10:22:50.611453 and 2007-02-02T10:22:50.611453
INFO:root:Query: SDAC | SOHO | UVCS between 2016-10-30T18:24:30.602271 and 2016-10-31T18:24:30.602271
WARNING:sunpy:SunpyDeprecationWarning: The default response format from the VSO client will be changing to 'table' in version 3.1. To remove this warning set response_format='legacy' to maintain the old behaviour or response_format='table' to use the new behaviour.
WARNING:sunpy:SunpyDeprecationWarning: The default response format from the VSO client will be changing to 'table' in version 3.1. To remove this warning set response_format='legacy' to maintain the old behaviour or response_format='table' to use the new behaviour.
INFO:root:Random query failed. Trying known query: SDAC | SOHO | UVCS between 2001-09-14T12:14:55.595219 and 2001-09-17T12:14:55.595219
INFO:root:Query: SDAC | SOHO | VIRGO between 2007-01-11T04:32:00.120441 and 2007-01-12T04:32:00.120441
INFO:root:Query: SDAC | TRACE | TRACE between 2001-12-24T21:04:53.777901 and 2001-12-25T21:04:53.777901
WARNING:sunpy:SunpyDeprecationWarning: The default response format from the VSO client will be changing to 'table' in version 3.1. To remove this warning set response_format='legacy' to maintain the old behaviour or response_format='table' to use the new behaviour.
INFO:root:Query: SDAC | VAULT | VAULT-1999 between 1999-05-07T00:00:00 and 1999-05-08T00:00:00
WARNING:sunpy:SunpyDeprecationWarning: The default response format from the VSO client will be changing to 'table' in version 3.1. To remove this warning set response_format='legacy' to maintain the old behaviour or response_format='table' to use the new behaviour.
INFO:root:Query: SDAC | VAULT | VAULT-2002 between 2002-06-14T00:00:00 and 2002-06-15T00:00:00
WARNING:sunpy:SunpyDeprecationWarning: The default response format from the VSO client will be changing to 'table' in version 3.1. To remove this warning set response_format='legacy' to maintain the old behaviour or response_format='table' to use the new behaviour.
INFO:root:Query: SDAC | VAULT | VAULT-2014 between 2014-09-30T00:00:00 and 2014-10-01T00:00:00
WARNING:sunpy:SunpyDeprecationWarning: The default response format from the VSO client will be changing to 'table' in version 3.1. To remove this warning set response_format='legacy' to maintain the old behaviour or response_format='table' to use the new behaviour.
INFO:root:Query: SFO | SFO | CFTD1 between 2003-05-06T22:26:36.926377 and 2003-05-07T22:26:36.926377
WARNING:sunpy:SunpyDeprecationWarning: The default response format from the VSO client will be changing to 'table' in version 3.1. To remove this warning set response_format='legacy' to maintain the old behaviour or response_format='table' to use the new behaviour.
INFO:root:Random query failed. No known query for: SFO | SFO | CFTD1
INFO:root:Query: SFO | SFO | CFTD2 between 2016-06-03T11:17:47.325302 and 2016-06-04T11:17:47.325302
INFO:root:Random query failed. No known query for: SFO | SFO | CFTD2
INFO:root:Query: SHA | SOHO | MDI between 2005-11-16T07:24:24.518029 and 2005-11-17T07:24:24.518029
INFO:root:Query: SSC | STEREO_A | IMPACT between 2008-02-02T13:08:07.663507 and 2008-02-03T13:08:07.663507
WARNING:sunpy:SunpyDeprecationWarning: The default response format from the VSO client will be changing to 'table' in version 3.1. To remove this warning set response_format='legacy' to maintain the old behaviour or response_format='table' to use the new behaviour.
INFO:root:Query: SSC | STEREO_A | PLASTIC between 2013-02-05T22:03:36.572890 and 2013-02-06T22:03:36.572890
WARNING:sunpy:SunpyDeprecationWarning: The default response format from the VSO client will be changing to 'table' in version 3.1. To remove this warning set response_format='legacy' to maintain the old behaviour or response_format='table' to use the new behaviour.
INFO:root:Query: SSC | STEREO_A | SECCHI between 2007-10-09T13:58:54.929211 and 2007-10-10T13:58:54.929211
WARNING:sunpy:SunpyDeprecationWarning: The default response format from the VSO client will be changing to 'table' in version 3.1. To remove this warning set response_format='legacy' to maintain the old behaviour or response_format='table' to use the new behaviour.
INFO:root:Query: SSC | STEREO_A | SWAVES between 2008-05-31T10:29:41.748543 and 2008-06-01T10:29:41.748543
WARNING:sunpy:SunpyDeprecationWarning: The default response format from the VSO client will be changing to 'table' in version 3.1. To remove this warning set response_format='legacy' to maintain the old behaviour or response_format='table' to use the new behaviour.
INFO:root:Query: SSC | STEREO_B | IMPACT between 2019-12-22T03:49:32.897590 and 2019-12-23T03:49:32.897590
WARNING:sunpy:SunpyDeprecationWarning: The default response format from the VSO client will be changing to 'table' in version 3.1. To remove this warning set response_format='legacy' to maintain the old behaviour or response_format='table' to use the new behaviour.
WARNING:sunpy:SunpyDeprecationWarning: The default response format from the VSO client will be changing to 'table' in version 3.1. To remove this warning set response_format='legacy' to maintain the old behaviour or response_format='table' to use the new behaviour.
INFO:root:Random query failed. Trying known query: SSC | STEREO_B | IMPACT between 2007-10-02T17:02:57.364076 and 2007-10-05T17:02:57.364076
INFO:root:Query: SSC | STEREO_B | PLASTIC between 2009-11-08T18:22:06.848193 and 2009-11-09T18:22:06.848193
INFO:root:Query: SSC | STEREO_B | SECCHI between 2015-07-18T01:08:53.597877 and 2015-07-19T01:08:53.597877
WARNING:sunpy:SunpyDeprecationWarning: The default response format from the VSO client will be changing to 'table' in version 3.1. To remove this warning set response_format='legacy' to maintain the old behaviour or response_format='table' to use the new behaviour.
WARNING:sunpy:SunpyDeprecationWarning: The default response format from the VSO client will be changing to 'table' in version 3.1. To remove this warning set response_format='legacy' to maintain the old behaviour or response_format='table' to use the new behaviour.
INFO:root:Random query failed. Trying known query: SSC | STEREO_B | SECCHI between 2007-07-05T21:37:58.856810 and 2007-07-08T21:37:58.856810
INFO:root:Query: SSC | STEREO_B | SWAVES between 2017-02-05T02:39:20.984240 and 2017-02-06T02:39:20.984240
INFO:root:Random query failed. Trying known query: SSC | STEREO_B | SWAVES between 2012-07-03T12:00:41.251319 and 2012-07-06T12:00:41.251319
